============================================================
FINAL PRODUCTION PIPELINE v4
Smart handling of mixed formats, gene naming systems
============================================================

[1_Bulk_Expansion]
[GSE228066] Loading...
[GSE228066] Loaded: 17826 genes x 45 samples
[GSE228066] SUCCESS -> data/external_validation\1_Bulk_Expansion\GSE228066\GSE228066_senescence_scores.csv
[GSE72509] Loading...
[GSE72509] LOAD ERROR: [Errno 13] Permission denied: 'datasets/GSE72509_S
[GSE112087] Loading...
[GSE112087] LOAD ERROR: [Errno 13] Permission denied: 'datasets/GSE112087_
[GSE122459] Loading...
[GSE122459] LOAD ERROR: [Errno 13] Permission denied: 'datasets/GSE122459_
[GSE181500] Loading...
[GSE181500] LOAD ERROR: Error tokenizing data. C error: Expected 36 fields

[2_scRNA_Expansion]
[GSE139358] Loading...
[GSE139358] Loaded: 24647 genes x 33 samples
[GSE139358] SUCCESS -> data/external_validation\2_scRNA_Expansion\GSE139358\GSE139358_senescence_scores.csv
[GSE142016] Loading...
[GSE142016] Loaded: 43 genes x 3 samples
[GSE142016] Scoring failed
[GSE162577] Loading...
[GSE162577] Loaded: 1 genes x 3 samples
[GSE162577] Scoring failed
[GSE163121] NOT FOUND: datasets/GSE163121_series_matrix.txt
[GSE179633] Loading...
[GSE179633] LOAD ERROR: [Errno 13] Permission denied: 'datasets/GSE179633_

[3_Tissue_Expansion]
[GSE36700] Loading...
[GSE36700] Loaded: 54675 genes x 25 samples
[GSE36700] SUCCESS -> data/external_validation\3_Tissue_Expansion\GSE36700\GSE36700_senescence_scores.csv
[GSE155405] Loading...
[GSE155405] Loaded: 11 genes x 0 samples
[GSE155405] Scoring failed
[GSE174188] Loading...
[GSE174188] LOAD ERROR: [Errno 13] Permission denied: 'datasets/GSE174188_
[GSE182825] Loading...
[GSE182825] LOAD ERROR: [Errno 13] Permission denied: 'datasets/GSE182825_
[GSE200306] Loading...
[GSE200306] LOAD ERROR: [Errno 13] Permission denied: 'datasets/GSE200306_

[4_Senescence_Validation]
[GSE101766] NOT FOUND: datasets/GSE101766_series_matrix.txt
[GSE226598] NOT FOUND: datasets/GSE226598_series_matrix.txt
[GSE262856] NOT FOUND: datasets/GSE262856_series_matrix.txt
[GSE297723] NOT FOUND: datasets/GSE297723_series_matrix.txt

============================================================
FINAL SUMMARY
============================================================
1_Bulk_Expansion: 1/5
2_scRNA_Expansion: 1/5
3_Tissue_Expansion: 1/5
4_Senescence_Validation: 0/4

OVERALL: 3/19 datasets processed successfully
Results saved to: data/external_validation
