2026-06-25 19:11:10,584 - INFO - ============================================================
2026-06-25 19:11:10,584 - INFO - ROBUST MULTI-OMICS INTEGRATION PIPELINE v3
2026-06-25 19:11:10,584 - INFO - ============================================================
2026-06-25 19:11:10,584 - INFO - 
============================================================
2026-06-25 19:11:10,584 - INFO - 1_BULK_EXPANSION
2026-06-25 19:11:10,584 - INFO - ============================================================
2026-06-25 19:11:10,584 - INFO - 
Processing: GSE72509
2026-06-25 19:11:10,584 - INFO -   Folder detected, checking for data files...
2026-06-25 19:11:10,591 - INFO - Loading TXT: GSE72509_SLE_RPKMs.txt
2026-06-25 19:11:10,591 - ERROR -   Failed to load GSE72509_SLE_RPKMs.txt: read_csv() got an unexpected keyword argument 'errors'
2026-06-25 19:11:10,591 - WARNING -   FAILED TO LOAD: GSE72509
2026-06-25 19:11:46,234 - INFO - ============================================================
2026-06-25 19:11:46,234 - INFO - ROBUST MULTI-OMICS INTEGRATION PIPELINE v3
2026-06-25 19:11:46,235 - INFO - ============================================================
2026-06-25 19:11:46,235 - INFO - 
============================================================
2026-06-25 19:11:46,235 - INFO - 1_BULK_EXPANSION
2026-06-25 19:11:46,235 - INFO - ============================================================
2026-06-25 19:11:46,235 - INFO - 
Processing: GSE72509
2026-06-25 19:11:46,235 - INFO -   Folder detected, checking for data files...
2026-06-25 19:11:46,235 - INFO - Loading TXT: GSE72509_SLE_RPKMs.txt
2026-06-25 19:11:46,235 - ERROR -   Failed to load GSE72509_SLE_RPKMs.txt: read_csv() got an unexpected keyword argument 'errors'
2026-06-25 19:11:46,235 - WARNING -   FAILED TO LOAD: GSE72509
2026-06-25 19:11:46,241 - INFO - 
Processing: GSE112087
2026-06-25 19:11:46,241 - INFO -   Folder detected, checking for data files...
2026-06-25 19:11:46,243 - INFO - Loading TXT: GSE112087_counts-matrix-EnsembIDs-GRCh37.p10.txt
2026-06-25 19:11:46,243 - ERROR -   Failed to load GSE112087_counts-matrix-EnsembIDs-GRCh37.p10.txt: read_csv() got an unexpected keyword argument 'errors'
2026-06-25 19:11:46,243 - WARNING -   FAILED TO LOAD: GSE112087
2026-06-25 19:11:46,245 - INFO - 
Processing: GSE122459
2026-06-25 19:11:46,245 - INFO -   Folder detected, checking for data files...
2026-06-25 19:11:46,245 - WARNING -   FAILED TO LOAD: GSE122459
2026-06-25 19:11:46,247 - INFO - 
Processing: GSE228066
2026-06-25 19:11:46,247 - INFO - Loading Excel: GSE228066_gene.xlsx
2026-06-25 19:11:47,067 - INFO -   Available sheets: ['gene_expression']
2026-06-25 19:12:00,716 - INFO -   Loaded: 17826 rows × 45 numeric columns
2026-06-25 19:12:00,804 - INFO -   Normalized: 17826 genes × 45 samples
2026-06-25 19:12:00,804 - INFO -   Computing senescence score (12 genes)
2026-06-25 19:12:00,804 - INFO - 
Processing: GSE181500
2026-06-25 19:12:00,804 - INFO -   Folder detected, checking for data files...
2026-06-25 19:12:00,820 - INFO - Loading TXT: GSM5503589_254098910004_S01_GE1_107_Sep09_1_1.txt.gz
2026-06-25 19:12:00,826 - ERROR -   Failed to load GSM5503589_254098910004_S01_GE1_107_Sep09_1_1.txt.gz: Error tokenizing data. C error: Expected 36 fields in line 5, saw 120

2026-06-25 19:12:00,828 - WARNING -   FAILED TO LOAD: GSE181500
2026-06-25 19:12:00,828 - INFO - 
============================================================
2026-06-25 19:12:00,828 - INFO - 2_SCRNA_EXPANSION
2026-06-25 19:12:00,830 - INFO - ============================================================
2026-06-25 19:12:00,830 - INFO - 
Processing: GSE139358
2026-06-25 19:12:00,830 - INFO - Loading Excel: GSE139358_RNA-Seq_gene_rpkm_33_samples.xlsx
2026-06-25 19:12:01,366 - INFO -   Available sheets: ['GEO_replacement']
2026-06-25 19:12:13,052 - WARNING -   No numeric data found in GSE139358_RNA-Seq_gene_rpkm_33_samples.xlsx
2026-06-25 19:12:13,068 - WARNING -   FAILED TO LOAD: GSE139358
2026-06-25 19:12:13,068 - INFO - 
Processing: GSE162577
2026-06-25 19:12:13,068 - INFO - Loading TXT: GSE162577_series_matrix.txt
2026-06-25 19:12:13,068 - ERROR -   Failed to load GSE162577_series_matrix.txt: read_csv() got an unexpected keyword argument 'errors'
2026-06-25 19:12:13,068 - WARNING -   FAILED TO LOAD: GSE162577
2026-06-25 19:12:13,068 - WARNING - GSE163121: FILE NOT FOUND - datasets/GSE163121_series_matrix.txt
2026-06-25 19:12:13,068 - INFO - 
Processing: GSE179633
2026-06-25 19:12:13,068 - INFO -   Folder detected, checking for data files...
2026-06-25 19:12:13,068 - INFO - Loading TXT: GSE179633_series_matrix.txt
2026-06-25 19:12:13,068 - ERROR -   Failed to load GSE179633_series_matrix.txt: read_csv() got an unexpected keyword argument 'errors'
2026-06-25 19:12:13,068 - WARNING -   FAILED TO LOAD: GSE179633
2026-06-25 19:12:13,068 - INFO - 
Processing: GSE142016
2026-06-25 19:12:13,068 - INFO -   Folder detected, checking for data files...
2026-06-25 19:12:13,068 - INFO - Loading MTX sparse from: GSE142016_RAW
2026-06-25 19:12:15,935 - INFO -   Loaded MTX: 737280 cells × 33694 genes
2026-06-25 19:12:15,935 - ERROR -   Failed to load MTX: Unable to allocate 185. GiB for an array with shape (737280, 33694) and data type int64
2026-06-25 19:12:15,987 - WARNING -   FAILED TO LOAD: GSE142016
2026-06-25 19:12:15,987 - INFO - 
============================================================
2026-06-25 19:12:15,987 - INFO - 3_TISSUE_EXPANSION
2026-06-25 19:12:15,993 - INFO - ============================================================
2026-06-25 19:12:15,993 - INFO - 
Processing: GSE36700
2026-06-25 19:12:15,993 - INFO - Loading TXT: GSE36700_series_matrix.txt
2026-06-25 19:12:15,993 - ERROR -   Failed to load GSE36700_series_matrix.txt: read_csv() got an unexpected keyword argument 'errors'
2026-06-25 19:12:15,993 - WARNING -   FAILED TO LOAD: GSE36700
2026-06-25 19:12:15,993 - INFO - 
Processing: GSE155405
2026-06-25 19:12:15,993 - INFO - Loading Excel: GSE155405_GEN141016_F_Profiling_table.xlsx
2026-06-25 19:12:17,898 - INFO -   Available sheets: ['READ ME', 'GEN141016_F.profiling-table']
2026-06-25 19:12:20,891 - WARNING -   No numeric data found in GSE155405_GEN141016_F_Profiling_table.xlsx
2026-06-25 19:12:20,891 - WARNING -   FAILED TO LOAD: GSE155405
2026-06-25 19:12:20,891 - INFO - 
Processing: GSE174188
2026-06-25 19:12:20,891 - INFO -   Folder detected, checking for data files...
2026-06-25 19:12:20,898 - INFO - Loading TXT: GSE174188_series_matrix.txt
2026-06-25 19:12:20,898 - ERROR -   Failed to load GSE174188_series_matrix.txt: read_csv() got an unexpected keyword argument 'errors'
2026-06-25 19:12:20,898 - WARNING -   FAILED TO LOAD: GSE174188
2026-06-25 19:12:20,901 - INFO - 
Processing: GSE182825
2026-06-25 19:12:20,901 - INFO -   Folder detected, checking for data files...
2026-06-25 19:12:20,901 - WARNING -   FAILED TO LOAD: GSE182825
2026-06-25 19:12:20,910 - INFO - 
Processing: GSE200306
2026-06-25 19:12:20,910 - INFO - Loading Excel: GSE200306_Nanostring_RAW_1-21.xlsx
2026-06-25 19:12:21,162 - INFO -   Available sheets: ['Nanostring RAW 1', 'Nanostring RAW 2', 'Nanostring RAW 3', 'Nanostring RAW 4', 'Nanostring RAW 5', 'Nanostring RAW 6', 'Nanostring RAW 7', 'Nanostring RAW 8', 'Nanostring RAW 9', 'Nanostring RAW 10', 'Nanostring RAW 11', 'Nanostring RAW 12', 'Nanostring RAW 13', 'Nanostring RAW 14', 'Nanostring RAW 15', 'Nanostring RAW 16', 'Nanostring RAW 17', 'Nanostring RAW 18', 'Nanostring RAW 19', 'Nanostring RAW 20', 'Nanostring RAW 21', 'Sheet4']
2026-06-25 19:12:21,568 - INFO -   Loaded: 631 rows × 1 numeric columns
2026-06-25 19:12:21,598 - INFO -   Normalized: 616 genes × 13 samples
2026-06-25 19:12:21,598 - WARNING -   Only 0/13 senescence genes found
2026-06-25 19:12:21,600 - INFO - 
============================================================
2026-06-25 19:12:21,600 - INFO - 4_SENESCENCE_VALIDATION
2026-06-25 19:12:21,600 - INFO - ============================================================
2026-06-25 19:12:21,602 - WARNING - GSE101766: FILE NOT FOUND - datasets/GSE101766_series_matrix.txt
