2026-06-25 19:11:10,584 - INFO - ============================================================
2026-06-25 19:11:10,584 - INFO - ROBUST MULTI-OMICS INTEGRATION PIPELINE v3
2026-06-25 19:11:10,584 - INFO - ============================================================
2026-06-25 19:11:10,584 - INFO - 
============================================================
2026-06-25 19:11:10,584 - INFO - 1_BULK_EXPANSION
2026-06-25 19:11:10,584 - INFO - ============================================================
2026-06-25 19:11:10,584 - INFO - 
Processing: GSE72509
2026-06-25 19:11:10,584 - INFO -   Folder detected, checking for data files...
2026-06-25 19:11:10,591 - INFO - Loading TXT: GSE72509_SLE_RPKMs.txt
2026-06-25 19:11:10,591 - ERROR -   Failed to load GSE72509_SLE_RPKMs.txt: read_csv() got an unexpected keyword argument 'errors'
2026-06-25 19:11:10,591 - WARNING -   FAILED TO LOAD: GSE72509
--- Logging error ---
Traceback (most recent call last):
  File "C:\Program Files\WindowsApps\PythonSoftwareFoundation.Python.3.12_3.12.2800.0_x64__qbz5n2kfra8p0\Lib\logging\__init__.py", line 1163, in emit
    stream.write(msg + self.terminator)
  File "C:\Program Files\WindowsApps\PythonSoftwareFoundation.Python.3.12_3.12.2800.0_x64__qbz5n2kfra8p0\Lib\encodings\cp1252.py", line 19, in encode
    return codecs.charmap_encode(input,self.errors,encoding_table)[0]
           ^^^^^^^^^^^^^^^^^^^^^^^^^^^^^^^^^^^^^^^^^^^^^^^^^^^^^^^
UnicodeEncodeError: 'charmap' codec can't encode character '\u2717' in position 36: character maps to <undefined>
Call stack:
  File "D:\New folder\Research\53. Zeshan Gondal\5. Lupus\scripts\integrate_external_datasets_v3.py", line 477, in <module>
    process_all_datasets()
  File "D:\New folder\Research\53. Zeshan Gondal\5. Lupus\scripts\integrate_external_datasets_v3.py", line 452, in process_all_datasets
    logger.warning(f"\u2717 {status}: {dataset_name}")
Message: '\u2717 LOAD_FAILED: GSE72509'
Arguments: ()
2026-06-25 19:11:10,591 - WARNING - \u2717 LOAD_FAILED: GSE72509
Traceback (most recent call last):
  File "D:\New folder\Research\53. Zeshan Gondal\5. Lupus\scripts\integrate_external_datasets_v3.py", line 477, in <module>
    process_all_datasets()
  File "D:\New folder\Research\53. Zeshan Gondal\5. Lupus\scripts\integrate_external_datasets_v3.py", line 454, in process_all_datasets
    results[f"Category_{category[0]}"].update({dataset_name: status})
    ~~~~~~~^^^^^^^^^^^^^^^^^^^^^^^^^^^
KeyError: 'Category_1'
